Arguments: 
  /snap/node/2580/bin/node /snap/node/2580/bin/yarn.js config get registry

PATH: 
  /usr/local/sbin:/usr/local/bin:/usr/sbin:/usr/bin:/sbin:/bin:/usr/games:/usr/local/games:/snap/bin

Yarn version: 
  1.21.1

Node version: 
  13.5.0

Platform: 
  linux x64

Trace: 
  Error: EACCES: permission denied, write
      at writeSync (fs.js:613:3)
      at SyncWriteStream._write (internal/fs/sync_write_stream.js:24:3)
      at doWrite (_stream_writable.js:464:12)
      at writeOrBuffer (_stream_writable.js:446:5)
      at SyncWriteStream.Writable.write (_stream_writable.js:326:11)
      at ConsoleReporter._log (/snap/node/2580/lib/cli.js:96691:17)
      at ConsoleReporter.log (/snap/node/2580/lib/cli.js:96679:10)
      at get (/snap/node/2580/lib/cli.js:87495:14)
      at Object.<anonymous> (/snap/node/2580/lib/cli.js:25940:25)
      at Generator.next (<anonymous>)

npm manifest: 
  {
    "name": "tsreact",
    "version": "0.1.0",
    "private": true
  }

yarn manifest: 
  No manifest

Lockfile: 
  No lockfile
